2025-09-08 07:17:45,366 - __main__ - INFO - ================================================================================
2025-09-08 07:17:45,366 - __main__ - INFO - IMG_5200.MOV DYNAMIC FRAME EXTRACTION TEST
2025-09-08 07:17:45,366 - __main__ - INFO - ================================================================================
2025-09-08 07:17:45,366 - __main__ - INFO - Video: IMG_5200.MOV
2025-09-08 07:17:45,366 - __main__ - INFO - Output directory: results/img5200_dynamic_extraction
2025-09-08 07:17:45,366 - __main__ - INFO - Device: mps
2025-09-08 07:17:45,366 - __main__ - INFO - Model: {'model_name': 'facebook/dinov2-base', 'model_version': 'dinov2', 'is_dinov3': False, 'estimated_params': '~86M parameters', 'recommended_batch_size': 4}
2025-09-08 07:17:45,366 - __main__ - INFO - Feature-rich threshold: 0.7
2025-09-08 07:17:45,366 - __main__ - INFO - Feature-rich FPS: 10.0
2025-09-08 07:17:45,366 - __main__ - INFO - Feature-poor FPS: 0.25
2025-09-08 07:17:45,366 - __main__ - INFO - ================================================================================
2025-09-08 07:17:45,612 - src.core.video_processor - INFO - FFmpeg validated: ffmpeg version 7.1.1 Copyright (c) 2000-2025 the FFmpeg developers
2025-09-08 07:17:45,612 - src.core.feature_extractor - INFO - Loading DINOV2 model: facebook/dinov2-base
2025-09-08 07:17:45,613 - src.core.feature_extractor - INFO - Model info: ~86M parameters
2025-09-08 07:17:47,216 - src.core.feature_extractor - INFO - Model compilation enabled
2025-09-08 07:17:47,216 - src.core.feature_extractor - INFO - DINOv2 model loaded successfully on mps
2025-09-08 07:17:47,216 - src.core.feature_extractor - INFO - Configured MPS optimizations
2025-09-08 07:17:47,216 - src.pipeline.adaptive_extraction_pipeline - INFO - Pipeline initialized with device: {'device': 'mps', 'device_count': 1, 'type': 'Metal Performance Shaders', 'available_memory_gb': 'Shared with system RAM'}
2025-09-08 07:17:47,216 - src.pipeline.adaptive_extraction_pipeline - INFO - === Starting Adaptive Frame Extraction Pipeline ===
2025-09-08 07:17:47,216 - src.pipeline.adaptive_extraction_pipeline - INFO - Phase 1: Video Analysis and Validation
2025-09-08 07:17:47,308 - src.core.video_processor - INFO - Video info: 1920x1080 @ 30.0fps, 17.9s
2025-09-08 07:17:47,308 - src.core.video_processor - INFO - Video validation successful: {'duration': 17.8667, 'size_bytes': 19213983, 'width': 1920, 'height': 1080, 'fps': 30.0, 'total_frames': 536, 'codec': 'hevc', 'pixel_format': 'yuv420p10le', 'bit_rate': 8388433, 'format_name': 'mov,mp4,m4a,3gp,3g2,mj2'}
2025-09-08 07:17:47,346 - src.core.video_processor - INFO - Video info: 1920x1080 @ 30.0fps, 17.9s
2025-09-08 07:17:47,347 - src.pipeline.adaptive_extraction_pipeline - INFO - Video: 1920x1080 @ 30.00fps
Duration: 17.9s (536 frames)
Size: 18.3MB
2025-09-08 07:17:47,347 - src.pipeline.adaptive_extraction_pipeline - INFO - Estimated memory requirement: 2095.7MB
2025-09-08 07:17:47,347 - src.pipeline.adaptive_extraction_pipeline - INFO - Phase 2: Adaptive Frame Selection
2025-09-08 07:17:47,347 - src.core.dynamic_sampler - INFO - Starting dynamic frame selection with adaptive rates...
2025-09-08 07:17:47,382 - src.core.video_processor - INFO - Video info: 1920x1080 @ 30.0fps, 17.9s
2025-09-08 07:17:47,382 - src.core.dynamic_sampler - INFO - Video FPS: 30.00
2025-09-08 07:17:47,382 - src.core.dynamic_sampler - INFO - Feature-rich extraction: 10.0 fps
2025-09-08 07:17:47,382 - src.core.dynamic_sampler - INFO - Feature-poor extraction: 0.25 fps (1 frame every 4.0s)
2025-09-08 07:17:47,382 - src.core.dynamic_sampler - INFO - Pass 1: Analyzing video regions...
2025-09-08 07:17:47,382 - src.core.dynamic_sampler - INFO - Analyzing video regions (sampling every 15 frames)...
2025-09-08 07:17:48,783 - src.core.saliency_analyzer - WARNING - Texture complexity computation failed: The maximum grayscale value in the image should be smaller than the number of levels.
2025-09-08 07:17:49,493 - src.core.saliency_analyzer - WARNING - Texture complexity computation failed: The maximum grayscale value in the image should be smaller than the number of levels.
2025-09-08 07:17:50,185 - src.core.saliency_analyzer - WARNING - Texture complexity computation failed: The maximum grayscale value in the image should be smaller than the number of levels.
2025-09-08 07:17:50,894 - src.core.saliency_analyzer - WARNING - Texture complexity computation failed: The maximum grayscale value in the image should be smaller than the number of levels.
2025-09-08 07:17:51,598 - src.core.saliency_analyzer - WARNING - Texture complexity computation failed: The maximum grayscale value in the image should be smaller than the number of levels.
2025-09-08 07:17:52,304 - src.core.saliency_analyzer - WARNING - Texture complexity computation failed: The maximum grayscale value in the image should be smaller than the number of levels.
2025-09-08 07:17:53,020 - src.core.saliency_analyzer - WARNING - Texture complexity computation failed: The maximum grayscale value in the image should be smaller than the number of levels.
2025-09-08 07:17:53,725 - src.core.saliency_analyzer - WARNING - Texture complexity computation failed: The maximum grayscale value in the image should be smaller than the number of levels.
2025-09-08 07:17:54,435 - src.core.saliency_analyzer - WARNING - Texture complexity computation failed: The maximum grayscale value in the image should be smaller than the number of levels.
2025-09-08 07:17:55,143 - src.core.saliency_analyzer - WARNING - Texture complexity computation failed: The maximum grayscale value in the image should be smaller than the number of levels.
2025-09-08 07:17:55,852 - src.core.saliency_analyzer - WARNING - Texture complexity computation failed: The maximum grayscale value in the image should be smaller than the number of levels.
2025-09-08 07:17:56,554 - src.core.saliency_analyzer - WARNING - Texture complexity computation failed: The maximum grayscale value in the image should be smaller than the number of levels.
2025-09-08 07:17:57,261 - src.core.saliency_analyzer - WARNING - Texture complexity computation failed: The maximum grayscale value in the image should be smaller than the number of levels.
2025-09-08 07:17:57,972 - src.core.saliency_analyzer - WARNING - Texture complexity computation failed: The maximum grayscale value in the image should be smaller than the number of levels.
2025-09-08 07:17:58,686 - src.core.saliency_analyzer - WARNING - Texture complexity computation failed: The maximum grayscale value in the image should be smaller than the number of levels.
2025-09-08 07:17:59,410 - src.core.saliency_analyzer - WARNING - Texture complexity computation failed: The maximum grayscale value in the image should be smaller than the number of levels.
2025-09-08 07:18:00,123 - src.core.saliency_analyzer - WARNING - Texture complexity computation failed: The maximum grayscale value in the image should be smaller than the number of levels.
2025-09-08 07:18:00,823 - src.core.saliency_analyzer - WARNING - Texture complexity computation failed: The maximum grayscale value in the image should be smaller than the number of levels.
2025-09-08 07:18:01,522 - src.core.saliency_analyzer - WARNING - Texture complexity computation failed: The maximum grayscale value in the image should be smaller than the number of levels.
2025-09-08 07:18:02,229 - src.core.saliency_analyzer - WARNING - Texture complexity computation failed: The maximum grayscale value in the image should be smaller than the number of levels.
2025-09-08 07:18:02,934 - src.core.saliency_analyzer - WARNING - Texture complexity computation failed: The maximum grayscale value in the image should be smaller than the number of levels.
2025-09-08 07:18:03,641 - src.core.saliency_analyzer - WARNING - Texture complexity computation failed: The maximum grayscale value in the image should be smaller than the number of levels.
2025-09-08 07:18:04,352 - src.core.saliency_analyzer - WARNING - Texture complexity computation failed: The maximum grayscale value in the image should be smaller than the number of levels.
2025-09-08 07:18:05,062 - src.core.saliency_analyzer - WARNING - Texture complexity computation failed: The maximum grayscale value in the image should be smaller than the number of levels.
2025-09-08 07:18:05,778 - src.core.saliency_analyzer - WARNING - Texture complexity computation failed: The maximum grayscale value in the image should be smaller than the number of levels.
2025-09-08 07:18:06,491 - src.core.saliency_analyzer - WARNING - Texture complexity computation failed: The maximum grayscale value in the image should be smaller than the number of levels.
2025-09-08 07:18:07,202 - src.core.saliency_analyzer - WARNING - Texture complexity computation failed: The maximum grayscale value in the image should be smaller than the number of levels.
2025-09-08 07:18:07,909 - src.core.saliency_analyzer - WARNING - Texture complexity computation failed: The maximum grayscale value in the image should be smaller than the number of levels.
2025-09-08 07:18:08,613 - src.core.saliency_analyzer - WARNING - Texture complexity computation failed: The maximum grayscale value in the image should be smaller than the number of levels.
2025-09-08 07:18:09,312 - src.core.saliency_analyzer - WARNING - Texture complexity computation failed: The maximum grayscale value in the image should be smaller than the number of levels.
2025-09-08 07:18:10,012 - src.core.saliency_analyzer - WARNING - Texture complexity computation failed: The maximum grayscale value in the image should be smaller than the number of levels.
2025-09-08 07:18:10,714 - src.core.saliency_analyzer - WARNING - Texture complexity computation failed: The maximum grayscale value in the image should be smaller than the number of levels.
2025-09-08 07:18:11,411 - src.core.saliency_analyzer - WARNING - Texture complexity computation failed: The maximum grayscale value in the image should be smaller than the number of levels.
2025-09-08 07:18:12,110 - src.core.saliency_analyzer - WARNING - Texture complexity computation failed: The maximum grayscale value in the image should be smaller than the number of levels.
2025-09-08 07:18:12,815 - src.core.saliency_analyzer - WARNING - Texture complexity computation failed: The maximum grayscale value in the image should be smaller than the number of levels.
2025-09-08 07:18:13,518 - src.core.saliency_analyzer - WARNING - Texture complexity computation failed: The maximum grayscale value in the image should be smaller than the number of levels.
2025-09-08 07:18:13,820 - src.core.dynamic_sampler - INFO - Region analysis complete: 526 regions identified
2025-09-08 07:18:13,821 - src.core.dynamic_sampler - INFO - Pass 2: Dynamic frame extraction...
2025-09-08 07:18:13,821 - src.core.dynamic_sampler - INFO - Frame intervals - Rich: every 3 frames, Poor: every 120 frames
2025-09-08 07:18:14,253 - src.core.saliency_analyzer - WARNING - Texture complexity computation failed: The maximum grayscale value in the image should be smaller than the number of levels.
2025-09-08 07:18:17,585 - src.core.saliency_analyzer - WARNING - Texture complexity computation failed: The maximum grayscale value in the image should be smaller than the number of levels.
2025-09-08 07:18:20,912 - src.core.saliency_analyzer - WARNING - Texture complexity computation failed: The maximum grayscale value in the image should be smaller than the number of levels.
2025-09-08 07:18:23,084 - src.core.saliency_analyzer - WARNING - Texture complexity computation failed: The maximum grayscale value in the image should be smaller than the number of levels.
2025-09-08 07:18:23,504 - src.core.saliency_analyzer - WARNING - Texture complexity computation failed: The maximum grayscale value in the image should be smaller than the number of levels.
2025-09-08 07:18:23,922 - src.core.saliency_analyzer - WARNING - Texture complexity computation failed: The maximum grayscale value in the image should be smaller than the number of levels.
2025-09-08 07:18:24,344 - src.core.saliency_analyzer - WARNING - Texture complexity computation failed: The maximum grayscale value in the image should be smaller than the number of levels.
2025-09-08 07:18:24,762 - src.core.saliency_analyzer - WARNING - Texture complexity computation failed: The maximum grayscale value in the image should be smaller than the number of levels.
2025-09-08 07:18:25,133 - src.core.saliency_analyzer - WARNING - Texture complexity computation failed: The maximum grayscale value in the image should be smaller than the number of levels.
2025-09-08 07:18:25,555 - src.core.saliency_analyzer - WARNING - Texture complexity computation failed: The maximum grayscale value in the image should be smaller than the number of levels.
2025-09-08 07:18:25,625 - src.core.dynamic_sampler - INFO - Selected 10 frames (current: rich region)
2025-09-08 07:18:25,980 - src.core.saliency_analyzer - WARNING - Texture complexity computation failed: The maximum grayscale value in the image should be smaller than the number of levels.
2025-09-08 07:18:26,402 - src.core.saliency_analyzer - WARNING - Texture complexity computation failed: The maximum grayscale value in the image should be smaller than the number of levels.
2025-09-08 07:18:26,827 - src.core.saliency_analyzer - WARNING - Texture complexity computation failed: The maximum grayscale value in the image should be smaller than the number of levels.
2025-09-08 07:18:27,206 - src.core.saliency_analyzer - WARNING - Texture complexity computation failed: The maximum grayscale value in the image should be smaller than the number of levels.
2025-09-08 07:18:27,635 - src.core.saliency_analyzer - WARNING - Texture complexity computation failed: The maximum grayscale value in the image should be smaller than the number of levels.
2025-09-08 07:18:28,061 - src.core.saliency_analyzer - WARNING - Texture complexity computation failed: The maximum grayscale value in the image should be smaller than the number of levels.
2025-09-08 07:18:28,483 - src.core.saliency_analyzer - WARNING - Texture complexity computation failed: The maximum grayscale value in the image should be smaller than the number of levels.
2025-09-08 07:18:28,910 - src.core.saliency_analyzer - WARNING - Texture complexity computation failed: The maximum grayscale value in the image should be smaller than the number of levels.
2025-09-08 07:18:29,288 - src.core.saliency_analyzer - WARNING - Texture complexity computation failed: The maximum grayscale value in the image should be smaller than the number of levels.
2025-09-08 07:18:29,716 - src.core.saliency_analyzer - WARNING - Texture complexity computation failed: The maximum grayscale value in the image should be smaller than the number of levels.
2025-09-08 07:18:29,790 - src.core.dynamic_sampler - INFO - Selected 20 frames (current: rich region)
2025-09-08 07:18:30,140 - src.core.saliency_analyzer - WARNING - Texture complexity computation failed: The maximum grayscale value in the image should be smaller than the number of levels.
2025-09-08 07:18:30,562 - src.core.saliency_analyzer - WARNING - Texture complexity computation failed: The maximum grayscale value in the image should be smaller than the number of levels.
2025-09-08 07:18:30,981 - src.core.saliency_analyzer - WARNING - Texture complexity computation failed: The maximum grayscale value in the image should be smaller than the number of levels.
2025-09-08 07:18:31,353 - src.core.saliency_analyzer - WARNING - Texture complexity computation failed: The maximum grayscale value in the image should be smaller than the number of levels.
2025-09-08 07:18:31,775 - src.core.saliency_analyzer - WARNING - Texture complexity computation failed: The maximum grayscale value in the image should be smaller than the number of levels.
2025-09-08 07:18:32,198 - src.core.saliency_analyzer - WARNING - Texture complexity computation failed: The maximum grayscale value in the image should be smaller than the number of levels.
2025-09-08 07:18:32,620 - src.core.saliency_analyzer - WARNING - Texture complexity computation failed: The maximum grayscale value in the image should be smaller than the number of levels.
2025-09-08 07:18:33,036 - src.core.saliency_analyzer - WARNING - Texture complexity computation failed: The maximum grayscale value in the image should be smaller than the number of levels.
2025-09-08 07:18:33,404 - src.core.saliency_analyzer - WARNING - Texture complexity computation failed: The maximum grayscale value in the image should be smaller than the number of levels.
2025-09-08 07:18:33,827 - src.core.saliency_analyzer - WARNING - Texture complexity computation failed: The maximum grayscale value in the image should be smaller than the number of levels.
2025-09-08 07:18:33,902 - src.core.dynamic_sampler - INFO - Selected 30 frames (current: rich region)
2025-09-08 07:18:34,254 - src.core.saliency_analyzer - WARNING - Texture complexity computation failed: The maximum grayscale value in the image should be smaller than the number of levels.
2025-09-08 07:18:34,672 - src.core.saliency_analyzer - WARNING - Texture complexity computation failed: The maximum grayscale value in the image should be smaller than the number of levels.
2025-09-08 07:18:35,085 - src.core.saliency_analyzer - WARNING - Texture complexity computation failed: The maximum grayscale value in the image should be smaller than the number of levels.
2025-09-08 07:18:35,454 - src.core.saliency_analyzer - WARNING - Texture complexity computation failed: The maximum grayscale value in the image should be smaller than the number of levels.
2025-09-08 07:18:35,870 - src.core.saliency_analyzer - WARNING - Texture complexity computation failed: The maximum grayscale value in the image should be smaller than the number of levels.
2025-09-08 07:18:36,298 - src.core.saliency_analyzer - WARNING - Texture complexity computation failed: The maximum grayscale value in the image should be smaller than the number of levels.
2025-09-08 07:18:36,714 - src.core.saliency_analyzer - WARNING - Texture complexity computation failed: The maximum grayscale value in the image should be smaller than the number of levels.
2025-09-08 07:18:37,138 - src.core.saliency_analyzer - WARNING - Texture complexity computation failed: The maximum grayscale value in the image should be smaller than the number of levels.
2025-09-08 07:18:37,506 - src.core.saliency_analyzer - WARNING - Texture complexity computation failed: The maximum grayscale value in the image should be smaller than the number of levels.
2025-09-08 07:18:37,920 - src.core.saliency_analyzer - WARNING - Texture complexity computation failed: The maximum grayscale value in the image should be smaller than the number of levels.
2025-09-08 07:18:37,991 - src.core.dynamic_sampler - INFO - Selected 40 frames (current: rich region)
2025-09-08 07:18:38,338 - src.core.saliency_analyzer - WARNING - Texture complexity computation failed: The maximum grayscale value in the image should be smaller than the number of levels.
2025-09-08 07:18:38,753 - src.core.saliency_analyzer - WARNING - Texture complexity computation failed: The maximum grayscale value in the image should be smaller than the number of levels.
2025-09-08 07:18:39,167 - src.core.saliency_analyzer - WARNING - Texture complexity computation failed: The maximum grayscale value in the image should be smaller than the number of levels.
2025-09-08 07:18:39,540 - src.core.saliency_analyzer - WARNING - Texture complexity computation failed: The maximum grayscale value in the image should be smaller than the number of levels.
2025-09-08 07:18:39,950 - src.core.saliency_analyzer - WARNING - Texture complexity computation failed: The maximum grayscale value in the image should be smaller than the number of levels.
2025-09-08 07:18:40,373 - src.core.saliency_analyzer - WARNING - Texture complexity computation failed: The maximum grayscale value in the image should be smaller than the number of levels.
2025-09-08 07:18:40,787 - src.core.saliency_analyzer - WARNING - Texture complexity computation failed: The maximum grayscale value in the image should be smaller than the number of levels.
2025-09-08 07:18:41,204 - src.core.saliency_analyzer - WARNING - Texture complexity computation failed: The maximum grayscale value in the image should be smaller than the number of levels.
2025-09-08 07:18:41,575 - src.core.saliency_analyzer - WARNING - Texture complexity computation failed: The maximum grayscale value in the image should be smaller than the number of levels.
2025-09-08 07:18:41,986 - src.core.saliency_analyzer - WARNING - Texture complexity computation failed: The maximum grayscale value in the image should be smaller than the number of levels.
2025-09-08 07:18:42,052 - src.core.dynamic_sampler - INFO - Selected 50 frames (current: rich region)
2025-09-08 07:18:42,398 - src.core.saliency_analyzer - WARNING - Texture complexity computation failed: The maximum grayscale value in the image should be smaller than the number of levels.
2025-09-08 07:18:42,818 - src.core.saliency_analyzer - WARNING - Texture complexity computation failed: The maximum grayscale value in the image should be smaller than the number of levels.
2025-09-08 07:18:43,228 - src.core.saliency_analyzer - WARNING - Texture complexity computation failed: The maximum grayscale value in the image should be smaller than the number of levels.
2025-09-08 07:18:43,598 - src.core.saliency_analyzer - WARNING - Texture complexity computation failed: The maximum grayscale value in the image should be smaller than the number of levels.
2025-09-08 07:18:44,009 - src.core.saliency_analyzer - WARNING - Texture complexity computation failed: The maximum grayscale value in the image should be smaller than the number of levels.
2025-09-08 07:18:44,419 - src.core.saliency_analyzer - WARNING - Texture complexity computation failed: The maximum grayscale value in the image should be smaller than the number of levels.
2025-09-08 07:18:44,831 - src.core.saliency_analyzer - WARNING - Texture complexity computation failed: The maximum grayscale value in the image should be smaller than the number of levels.
2025-09-08 07:18:45,241 - src.core.saliency_analyzer - WARNING - Texture complexity computation failed: The maximum grayscale value in the image should be smaller than the number of levels.
2025-09-08 07:18:45,604 - src.core.saliency_analyzer - WARNING - Texture complexity computation failed: The maximum grayscale value in the image should be smaller than the number of levels.
2025-09-08 07:18:46,010 - src.core.saliency_analyzer - WARNING - Texture complexity computation failed: The maximum grayscale value in the image should be smaller than the number of levels.
2025-09-08 07:18:46,077 - src.core.dynamic_sampler - INFO - Selected 60 frames (current: rich region)
2025-09-08 07:18:46,422 - src.core.saliency_analyzer - WARNING - Texture complexity computation failed: The maximum grayscale value in the image should be smaller than the number of levels.
2025-09-08 07:18:46,826 - src.core.saliency_analyzer - WARNING - Texture complexity computation failed: The maximum grayscale value in the image should be smaller than the number of levels.
2025-09-08 07:18:47,232 - src.core.saliency_analyzer - WARNING - Texture complexity computation failed: The maximum grayscale value in the image should be smaller than the number of levels.
2025-09-08 07:18:47,586 - src.core.saliency_analyzer - WARNING - Texture complexity computation failed: The maximum grayscale value in the image should be smaller than the number of levels.
2025-09-08 07:18:47,990 - src.core.saliency_analyzer - WARNING - Texture complexity computation failed: The maximum grayscale value in the image should be smaller than the number of levels.
2025-09-08 07:18:48,394 - src.core.saliency_analyzer - WARNING - Texture complexity computation failed: The maximum grayscale value in the image should be smaller than the number of levels.
2025-09-08 07:18:48,798 - src.core.saliency_analyzer - WARNING - Texture complexity computation failed: The maximum grayscale value in the image should be smaller than the number of levels.
2025-09-08 07:18:49,195 - src.core.saliency_analyzer - WARNING - Texture complexity computation failed: The maximum grayscale value in the image should be smaller than the number of levels.
2025-09-08 07:18:49,557 - src.core.saliency_analyzer - WARNING - Texture complexity computation failed: The maximum grayscale value in the image should be smaller than the number of levels.
2025-09-08 07:18:50,213 - src.core.dynamic_sampler - INFO - Dynamic extraction complete:
  Total frames processed: 536
  Feature-rich regions: 13
  Feature-poor regions: 23
  Frames selected from rich regions: 65
  Frames selected from poor regions: 4
  Total selected: 69
2025-09-08 07:18:52,105 - src.pipeline.adaptive_extraction_pipeline - INFO - Saved 69 frames to results/img5200_dynamic_extraction
2025-09-08 07:18:52,112 - src.pipeline.adaptive_extraction_pipeline - INFO - Phase 3: Saving Results and Metadata
2025-09-08 07:18:52,116 - src.pipeline.adaptive_extraction_pipeline - INFO - Results saved to results/img5200_dynamic_extraction
2025-09-08 07:18:52,117 - src.pipeline.adaptive_extraction_pipeline - INFO - Quality Summary:
  Selection rate: 12.9%
  Avg composite score: 0.738
  Avg SfM contribution: 0.728
  Overall assessment: Good - Quality frames suitable for SfM reconstruction
2025-09-08 07:18:52,117 - src.pipeline.adaptive_extraction_pipeline - INFO - === Pipeline Complete ===
Selected: 69 frames
Total time: 64.90s
Memory peak: 1702.2MB
2025-09-08 07:18:52,120 - src.core.feature_extractor - INFO - Cleanup complete. Final stats: {'frames_processed': 88, 'cache_hits': 17, 'oom_recoveries': 0, 'processing_time': 4.9553844928741455, 'avg_processing_time': 0.05631118741902438, 'cache_hit_rate': 0.19318181818181818}
2025-09-08 07:18:52,120 - src.core.saliency_analyzer - INFO - Saliency analyzer cleanup complete. Stats: {'frames_analyzed': 105, 'high_saliency_frames': 84, 'processing_time': 4.9553844928741455, 'avg_processing_time': 0.05631118741902438, 'high_saliency_rate': 0.8, 'frames_processed': 88, 'cache_hits': 17, 'oom_recoveries': 0, 'cache_hit_rate': 0.19318181818181818}
2025-09-08 07:18:52,120 - src.core.dynamic_sampler - INFO - Dynamic sampler cleanup complete. Final stats: {'total_frames_processed': 536, 'frames_selected': 0, 'feature_rich_regions': 13, 'feature_poor_regions': 23, 'feature_rich_frames_selected': 65, 'feature_poor_frames_selected': 4, 'processing_time': 62.86574101448059, 'overall_selection_rate': 0.0, 'rich_region_efficiency': 5.0, 'poor_region_efficiency': 0.17391304347826086}
2025-09-08 07:18:52,120 - src.pipeline.adaptive_extraction_pipeline - INFO - Pipeline cleanup completed
2025-09-08 07:18:52,120 - __main__ - INFO - IMG_5200.MOV extraction test completed successfully
2025-09-08 07:18:52,120 - src.core.feature_extractor - INFO - Cleanup complete. Final stats: {'frames_processed': 88, 'cache_hits': 17, 'oom_recoveries': 0, 'processing_time': 4.9553844928741455, 'avg_processing_time': 0.05631118741902438, 'cache_hit_rate': 0.19318181818181818}
